# JRE version: OpenJDK Runtime Environment (17.0.11) (build 17.0.11+0--11852314)
# Java VM: OpenJDK 64-Bit Server VM (17.0.11+0--11852314, mixed mode, tiered, compressed oops, compressed class ptrs, g1 gc, windows-amd64)
GC Precious Log:
 CPUs: 12 total, 12 available
 Memory: 7913M
 Large Page Support: Disabled
 NUMA Support: Disabled
 Compressed Oops: Enabled (32-bit)
 Heap Region Size: 1M
 Heap Min Capacity: 8M
 Heap Initial Capacity: 124M
 Heap Max Capacity: 2G
 Pre-touch: Disabled
 Parallel Workers: 10
 Concurrent Workers: 3
 Concurrent Refinement Workers: 10
 Periodic GC: Disabled
Heap:
 garbage-first heap   total 439296K, used 280592K [0x0000000080000000, 0x0000000100000000)
  region size 1024K, 40 young (40960K), 3 survivors (3072K)
 Metaspace       used 187238K, committed 188352K, reserved 1245184K
  class space    used 23819K, committed 24384K, reserved 1048576K
GC Heap History (20 events):
Event: 15.727 GC heap before
{Heap before GC invocations=49 (full 0):
 garbage-first heap   total 439296K, used 344200K [0x0000000080000000, 0x0000000100000000)
  region size 1024K, 189 young (193536K), 13 survivors (13312K)
 Metaspace       used 148105K, committed 148864K, reserved 1179648K
  class space    used 18990K, committed 19328K, reserved 1048576K
}
Event: 15.747 GC heap after
{Heap after GC invocations=50 (full 0):
 garbage-first heap   total 439296K, used 176128K [0x0000000080000000, 0x0000000100000000)
  region size 1024K, 24 young (24576K), 24 survivors (24576K)
 Metaspace       used 148105K, committed 148864K, reserved 1179648K
  class space    used 18990K, committed 19328K, reserved 1048576K
}
Event: 18.027 GC heap before
{Heap before GC invocations=50 (full 0):
 garbage-first heap   total 439296K, used 352256K [0x0000000080000000, 0x0000000100000000)
  region size 1024K, 191 young (195584K), 24 survivors (24576K)
 Metaspace       used 160044K, committed 160832K, reserved 1245184K
  class space    used 20550K, committed 20928K, reserved 1048576K
}
Event: 18.051 GC heap after
{Heap after GC invocations=51 (full 0):
 garbage-first heap   total 439296K, used 181363K [0x0000000080000000, 0x0000000100000000)
  region size 1024K, 12 young (12288K), 12 survivors (12288K)
 Metaspace       used 160044K, committed 160832K, reserved 1245184K
  class space    used 20550K, committed 20928K, reserved 1048576K
}
Event: 20.046 GC heap before
{Heap before GC invocations=51 (full 0):
 garbage-first heap   total 439296K, used 365683K [0x0000000080000000, 0x0000000100000000)
  region size 1024K, 178 young (182272K), 12 survivors (12288K)
 Metaspace       used 166511K, committed 167424K, reserved 1245184K
  class space    used 21467K, committed 21888K, reserved 1048576K
}
Event: 20.063 GC heap after
{Heap after GC invocations=52 (full 0):
 garbage-first heap   total 439296K, used 206963K [0x0000000080000000, 0x0000000100000000)
  region size 1024K, 22 young (22528K), 22 survivors (22528K)
 Metaspace       used 166511K, committed 167424K, reserved 1245184K
  class space    used 21467K, committed 21888K, reserved 1048576K
}
Event: 21.311 GC heap before
{Heap before GC invocations=52 (full 0):
 garbage-first heap   total 439296K, used 358515K [0x0000000080000000, 0x0000000100000000)
  region size 1024K, 170 young (174080K), 22 survivors (22528K)
 Metaspace       used 166512K, committed 167424K, reserved 1245184K
  class space    used 21467K, committed 21888K, reserved 1048576K
}
Event: 21.326 GC heap after
{Heap after GC invocations=53 (full 0):
 garbage-first heap   total 439296K, used 212752K [0x0000000080000000, 0x0000000100000000)
  region size 1024K, 18 young (18432K), 18 survivors (18432K)
 Metaspace       used 166512K, committed 167424K, reserved 1245184K
  class space    used 21467K, committed 21888K, reserved 1048576K
}
Event: 22.541 GC heap before
{Heap before GC invocations=53 (full 0):
 garbage-first heap   total 439296K, used 362256K [0x0000000080000000, 0x0000000100000000)
  region size 1024K, 164 young (167936K), 18 survivors (18432K)
 Metaspace       used 166513K, committed 167424K, reserved 1245184K
  class space    used 21467K, committed 21888K, reserved 1048576K
}
Event: 22.552 GC heap after
{Heap after GC invocations=54 (full 0):
 garbage-first heap   total 439296K, used 218845K [0x0000000080000000, 0x0000000100000000)
  region size 1024K, 13 young (13312K), 13 survivors (13312K)
 Metaspace       used 166513K, committed 167424K, reserved 1245184K
  class space    used 21467K, committed 21888K, reserved 1048576K
}
Event: 23.400 GC heap before
{Heap before GC invocations=54 (full 0):
 garbage-first heap   total 439296K, used 364253K [0x0000000080000000, 0x0000000100000000)
  region size 1024K, 155 young (158720K), 13 survivors (13312K)
 Metaspace       used 166513K, committed 167424K, reserved 1245184K
  class space    used 21467K, committed 21888K, reserved 1048576K
}
Event: 23.410 GC heap after
{Heap after GC invocations=55 (full 0):
 garbage-first heap   total 439296K, used 222623K [0x0000000080000000, 0x0000000100000000)
  region size 1024K, 12 young (12288K), 12 survivors (12288K)
 Metaspace       used 166513K, committed 167424K, reserved 1245184K
  class space    used 21467K, committed 21888K, reserved 1048576K
}
Event: 24.146 GC heap before
{Heap before GC invocations=55 (full 0):
 garbage-first heap   total 439296K, used 367007K [0x0000000080000000, 0x0000000100000000)
  region size 1024K, 153 young (156672K), 12 survivors (12288K)
 Metaspace       used 166515K, committed 167424K, reserved 1245184K
  class space    used 21467K, committed 21888K, reserved 1048576K
}
Event: 24.156 GC heap after
{Heap after GC invocations=56 (full 0):
 garbage-first heap   total 439296K, used 227113K [0x0000000080000000, 0x0000000100000000)
  region size 1024K, 11 young (11264K), 11 survivors (11264K)
 Metaspace       used 166515K, committed 167424K, reserved 1245184K
  class space    used 21467K, committed 21888K, reserved 1048576K
}
Event: 25.845 GC heap before
{Heap before GC invocations=56 (full 0):
 garbage-first heap   total 439296K, used 370473K [0x0000000080000000, 0x0000000100000000)
  region size 1024K, 150 young (153600K), 11 survivors (11264K)
 Metaspace       used 178071K, committed 179072K, reserved 1245184K
  class space    used 22916K, committed 23424K, reserved 1048576K
}
Event: 25.857 GC heap after
{Heap after GC invocations=57 (full 0):
 garbage-first heap   total 439296K, used 233346K [0x0000000080000000, 0x0000000100000000)
  region size 1024K, 13 young (13312K), 13 survivors (13312K)
 Metaspace       used 178071K, committed 179072K, reserved 1245184K
  class space    used 22916K, committed 23424K, reserved 1048576K
}
Event: 26.938 GC heap before
{Heap before GC invocations=57 (full 0):
 garbage-first heap   total 439296K, used 367490K [0x0000000080000000, 0x0000000100000000)
  region size 1024K, 145 young (148480K), 13 survivors (13312K)
 Metaspace       used 181485K, committed 182592K, reserved 1245184K
  class space    used 23288K, committed 23808K, reserved 1048576K
}
Event: 26.956 GC heap after
{Heap after GC invocations=58 (full 0):
 garbage-first heap   total 439296K, used 241818K [0x0000000080000000, 0x0000000100000000)
  region size 1024K, 17 young (17408K), 17 survivors (17408K)
 Metaspace       used 181485K, committed 182592K, reserved 1245184K
  class space    used 23288K, committed 23808K, reserved 1048576K
}
Event: 3042.078 GC heap before
{Heap before GC invocations=58 (full 0):
 garbage-first heap   total 439296K, used 367770K [0x0000000080000000, 0x0000000100000000)
  region size 1024K, 141 young (144384K), 17 survivors (17408K)
 Metaspace       used 186814K, committed 187904K, reserved 1245184K
  class space    used 23769K, committed 24320K, reserved 1048576K
}
Event: 3042.592 GC heap after
{Heap after GC invocations=59 (full 0):
 garbage-first heap   total 439296K, used 243728K [0x0000000080000000, 0x0000000100000000)
  region size 1024K, 3 young (3072K), 3 survivors (3072K)
 Metaspace       used 186814K, committed 187904K, reserved 1245184K
  class space    used 23769K, committed 24320K, reserved 1048576K
}

