# JRE version: OpenJDK Runtime Environment (17.0.11) (build 17.0.11+0--11852314)
# Java VM: OpenJDK 64-Bit Server VM (17.0.11+0--11852314, mixed mode, tiered, compressed oops, compressed class ptrs, g1 gc, windows-amd64)
GC Precious Log:
 CPUs: 12 total, 12 available
 Memory: 7913M
 Large Page Support: Disabled
 NUMA Support: Disabled
 Compressed Oops: Enabled (32-bit)
 Heap Region Size: 1M
 Heap Min Capacity: 8M
 Heap Initial Capacity: 124M
 Heap Max Capacity: 2G
 Pre-touch: Disabled
 Parallel Workers: 10
 Concurrent Workers: 3
 Concurrent Refinement Workers: 10
 Periodic GC: Disabled
Heap:
 garbage-first heap   total 82944K, used 47598K [0x0000000080000000, 0x0000000100000000)
  region size 1024K, 15 young (15360K), 4 survivors (4096K)
 Metaspace       used 53604K, committed 54080K, reserved 1114112K
  class space    used 7358K, committed 7552K, reserved 1048576K
GC Heap History (20 events):
Event: 1.283 GC heap before
{Heap before GC invocations=1 (full 0):
 garbage-first heap   total 126976K, used 38008K [0x0000000080000000, 0x0000000100000000)
  region size 1024K, 30 young (30720K), 3 survivors (3072K)
 Metaspace       used 11453K, committed 11648K, reserved 1114112K
  class space    used 1197K, committed 1280K, reserved 1048576K
}
Event: 1.289 GC heap after
{Heap after GC invocations=2 (full 0):
 garbage-first heap   total 126976K, used 11405K [0x0000000080000000, 0x0000000100000000)
  region size 1024K, 1 young (1024K), 1 survivors (1024K)
 Metaspace       used 11453K, committed 11648K, reserved 1114112K
  class space    used 1197K, committed 1280K, reserved 1048576K
}
Event: 2.662 GC heap before
{Heap before GC invocations=2 (full 0):
 garbage-first heap   total 126976K, used 61581K [0x0000000080000000, 0x0000000100000000)
  region size 1024K, 51 young (52224K), 1 survivors (1024K)
 Metaspace       used 21273K, committed 21504K, reserved 1114112K
  class space    used 2500K, committed 2624K, reserved 1048576K
}
Event: 2.668 GC heap after
{Heap after GC invocations=3 (full 0):
 garbage-first heap   total 126976K, used 19103K [0x0000000080000000, 0x0000000100000000)
  region size 1024K, 8 young (8192K), 8 survivors (8192K)
 Metaspace       used 21273K, committed 21504K, reserved 1114112K
  class space    used 2500K, committed 2624K, reserved 1048576K
}
Event: 3.353 GC heap before
{Heap before GC invocations=4 (full 0):
 garbage-first heap   total 68608K, used 50847K [0x0000000080000000, 0x0000000100000000)
  region size 1024K, 40 young (40960K), 8 survivors (8192K)
 Metaspace       used 26349K, committed 26624K, reserved 1114112K
  class space    used 3361K, committed 3456K, reserved 1048576K
}
Event: 3.359 GC heap after
{Heap after GC invocations=5 (full 0):
 garbage-first heap   total 68608K, used 21435K [0x0000000080000000, 0x0000000100000000)
  region size 1024K, 2 young (2048K), 2 survivors (2048K)
 Metaspace       used 26349K, committed 26624K, reserved 1114112K
  class space    used 3361K, committed 3456K, reserved 1048576K
}
Event: 3.833 GC heap before
{Heap before GC invocations=5 (full 0):
 garbage-first heap   total 68608K, used 48059K [0x0000000080000000, 0x0000000100000000)
  region size 1024K, 28 young (28672K), 2 survivors (2048K)
 Metaspace       used 29825K, committed 30080K, reserved 1114112K
  class space    used 3941K, committed 4032K, reserved 1048576K
}
Event: 3.836 GC heap after
{Heap after GC invocations=6 (full 0):
 garbage-first heap   total 68608K, used 22923K [0x0000000080000000, 0x0000000100000000)
  region size 1024K, 4 young (4096K), 4 survivors (4096K)
 Metaspace       used 29825K, committed 30080K, reserved 1114112K
  class space    used 3941K, committed 4032K, reserved 1048576K
}
Event: 4.262 GC heap before
{Heap before GC invocations=6 (full 0):
 garbage-first heap   total 68608K, used 49547K [0x0000000080000000, 0x0000000100000000)
  region size 1024K, 30 young (30720K), 4 survivors (4096K)
 Metaspace       used 33258K, committed 33600K, reserved 1114112K
  class space    used 4513K, committed 4672K, reserved 1048576K
}
Event: 4.267 GC heap after
{Heap after GC invocations=7 (full 0):
 garbage-first heap   total 68608K, used 24107K [0x0000000080000000, 0x0000000100000000)
  region size 1024K, 3 young (3072K), 3 survivors (3072K)
 Metaspace       used 33258K, committed 33600K, reserved 1114112K
  class space    used 4513K, committed 4672K, reserved 1048576K
}
Event: 4.999 GC heap before
{Heap before GC invocations=7 (full 0):
 garbage-first heap   total 68608K, used 40491K [0x0000000080000000, 0x0000000100000000)
  region size 1024K, 20 young (20480K), 3 survivors (3072K)
 Metaspace       used 35668K, committed 35968K, reserved 1114112K
  class space    used 4871K, committed 5056K, reserved 1048576K
}
Event: 5.005 GC heap after
{Heap after GC invocations=8 (full 0):
 garbage-first heap   total 82944K, used 24775K [0x0000000080000000, 0x0000000100000000)
  region size 1024K, 2 young (2048K), 2 survivors (2048K)
 Metaspace       used 35668K, committed 35968K, reserved 1114112K
  class space    used 4871K, committed 5056K, reserved 1048576K
}
Event: 5.596 GC heap before
{Heap before GC invocations=9 (full 0):
 garbage-first heap   total 82944K, used 61639K [0x0000000080000000, 0x0000000100000000)
  region size 1024K, 39 young (39936K), 2 survivors (2048K)
 Metaspace       used 41288K, committed 41664K, reserved 1114112K
  class space    used 5473K, committed 5632K, reserved 1048576K
}
Event: 5.603 GC heap after
{Heap after GC invocations=10 (full 0):
 garbage-first heap   total 82944K, used 29340K [0x0000000080000000, 0x0000000100000000)
  region size 1024K, 5 young (5120K), 5 survivors (5120K)
 Metaspace       used 41288K, committed 41664K, reserved 1114112K
  class space    used 5473K, committed 5632K, reserved 1048576K
}
Event: 6.563 GC heap before
{Heap before GC invocations=10 (full 0):
 garbage-first heap   total 82944K, used 63132K [0x0000000080000000, 0x0000000100000000)
  region size 1024K, 38 young (38912K), 5 survivors (5120K)
 Metaspace       used 43981K, committed 44416K, reserved 1114112K
  class space    used 5899K, committed 6144K, reserved 1048576K
}
Event: 6.570 GC heap after
{Heap after GC invocations=11 (full 0):
 garbage-first heap   total 82944K, used 31832K [0x0000000080000000, 0x0000000100000000)
  region size 1024K, 3 young (3072K), 3 survivors (3072K)
 Metaspace       used 43981K, committed 44416K, reserved 1114112K
  class space    used 5899K, committed 6144K, reserved 1048576K
}
Event: 7.383 GC heap before
{Heap before GC invocations=11 (full 0):
 garbage-first heap   total 82944K, used 62552K [0x0000000080000000, 0x0000000100000000)
  region size 1024K, 33 young (33792K), 3 survivors (3072K)
 Metaspace       used 47766K, committed 48256K, reserved 1114112K
  class space    used 6530K, committed 6784K, reserved 1048576K
}
Event: 7.386 GC heap after
{Heap after GC invocations=12 (full 0):
 garbage-first heap   total 82944K, used 33335K [0x0000000080000000, 0x0000000100000000)
  region size 1024K, 4 young (4096K), 4 survivors (4096K)
 Metaspace       used 47766K, committed 48256K, reserved 1114112K
  class space    used 6530K, committed 6784K, reserved 1048576K
}
Event: 7.752 GC heap before
{Heap before GC invocations=12 (full 0):
 garbage-first heap   total 82944K, used 64055K [0x0000000080000000, 0x0000000100000000)
  region size 1024K, 34 young (34816K), 4 survivors (4096K)
 Metaspace       used 51892K, committed 52288K, reserved 1114112K
  class space    used 7188K, committed 7360K, reserved 1048576K
}
Event: 7.757 GC heap after
{Heap after GC invocations=13 (full 0):
 garbage-first heap   total 82944K, used 35310K [0x0000000080000000, 0x0000000100000000)
  region size 1024K, 4 young (4096K), 4 survivors (4096K)
 Metaspace       used 51892K, committed 52288K, reserved 1114112K
  class space    used 7188K, committed 7360K, reserved 1048576K
}

