# JRE version: OpenJDK Runtime Environment (17.0.11) (build 17.0.11+0--11852314)
# Java VM: OpenJDK 64-Bit Server VM (17.0.11+0--11852314, mixed mode, tiered, compressed oops, compressed class ptrs, g1 gc, windows-amd64)
GC Precious Log:
 CPUs: 12 total, 12 available
 Memory: 7913M
 Large Page Support: Disabled
 NUMA Support: Disabled
 Compressed Oops: Enabled (32-bit)
 Heap Region Size: 1M
 Heap Min Capacity: 8M
 Heap Initial Capacity: 124M
 Heap Max Capacity: 2G
 Pre-touch: Disabled
 Parallel Workers: 10
 Concurrent Workers: 3
 Concurrent Refinement Workers: 10
 Periodic GC: Disabled
Heap:
 garbage-first heap   total 160768K, used 95611K [0x0000000080000000, 0x0000000100000000)
  region size 1024K, 4 young (4096K), 4 survivors (4096K)
 Metaspace       used 99143K, committed 99904K, reserved 1179648K
  class space    used 13572K, committed 13952K, reserved 1048576K
GC Heap History (20 events):
Event: 17.842 GC heap after
{Heap after GC invocations=34 (full 0):
 garbage-first heap   total 160768K, used 75173K [0x0000000080000000, 0x0000000100000000)
  region size 1024K, 5 young (5120K), 5 survivors (5120K)
 Metaspace       used 88154K, committed 88896K, reserved 1179648K
  class space    used 12137K, committed 12480K, reserved 1048576K
}
Event: 19.008 GC heap before
{Heap before GC invocations=34 (full 0):
 garbage-first heap   total 160768K, used 128421K [0x0000000080000000, 0x0000000100000000)
  region size 1024K, 57 young (58368K), 5 survivors (5120K)
 Metaspace       used 92979K, committed 93696K, reserved 1179648K
  class space    used 12837K, committed 13184K, reserved 1048576K
}
Event: 19.015 GC heap after
{Heap after GC invocations=35 (full 0):
 garbage-first heap   total 160768K, used 77777K [0x0000000080000000, 0x0000000100000000)
  region size 1024K, 6 young (6144K), 6 survivors (6144K)
 Metaspace       used 92979K, committed 93696K, reserved 1179648K
  class space    used 12837K, committed 13184K, reserved 1048576K
}
Event: 19.726 GC heap before
{Heap before GC invocations=35 (full 0):
 garbage-first heap   total 160768K, used 118737K [0x0000000080000000, 0x0000000100000000)
  region size 1024K, 43 young (44032K), 6 survivors (6144K)
 Metaspace       used 95448K, committed 96128K, reserved 1179648K
  class space    used 13085K, committed 13440K, reserved 1048576K
}
Event: 19.737 GC heap after
{Heap after GC invocations=36 (full 0):
 garbage-first heap   total 160768K, used 83855K [0x0000000080000000, 0x0000000100000000)
  region size 1024K, 8 young (8192K), 8 survivors (8192K)
 Metaspace       used 95448K, committed 96128K, reserved 1179648K
  class space    used 13085K, committed 13440K, reserved 1048576K
}
Event: 20.928 GC heap before
{Heap before GC invocations=37 (full 0):
 garbage-first heap   total 160768K, used 128911K [0x0000000080000000, 0x0000000100000000)
  region size 1024K, 53 young (54272K), 8 survivors (8192K)
 Metaspace       used 98133K, committed 98880K, reserved 1179648K
  class space    used 13484K, committed 13824K, reserved 1048576K
}
Event: 20.938 GC heap after
{Heap after GC invocations=38 (full 0):
 garbage-first heap   total 160768K, used 88086K [0x0000000080000000, 0x0000000100000000)
  region size 1024K, 6 young (6144K), 6 survivors (6144K)
 Metaspace       used 98133K, committed 98880K, reserved 1179648K
  class space    used 13484K, committed 13824K, reserved 1048576K
}
Event: 20.950 GC heap before
{Heap before GC invocations=38 (full 0):
 garbage-first heap   total 160768K, used 89110K [0x0000000080000000, 0x0000000100000000)
  region size 1024K, 7 young (7168K), 6 survivors (6144K)
 Metaspace       used 98133K, committed 98880K, reserved 1179648K
  class space    used 13484K, committed 13824K, reserved 1048576K
}
Event: 20.954 GC heap after
{Heap after GC invocations=39 (full 0):
 garbage-first heap   total 160768K, used 86765K [0x0000000080000000, 0x0000000100000000)
  region size 1024K, 1 young (1024K), 1 survivors (1024K)
 Metaspace       used 98133K, committed 98880K, reserved 1179648K
  class space    used 13484K, committed 13824K, reserved 1048576K
}
Event: 21.217 GC heap before
{Heap before GC invocations=39 (full 0):
 garbage-first heap   total 160768K, used 129773K [0x0000000080000000, 0x0000000100000000)
  region size 1024K, 43 young (44032K), 1 survivors (1024K)
 Metaspace       used 98199K, committed 98880K, reserved 1179648K
  class space    used 13485K, committed 13824K, reserved 1048576K
}
Event: 21.222 GC heap after
{Heap after GC invocations=40 (full 0):
 garbage-first heap   total 160768K, used 88789K [0x0000000080000000, 0x0000000100000000)
  region size 1024K, 3 young (3072K), 3 survivors (3072K)
 Metaspace       used 98199K, committed 98880K, reserved 1179648K
  class space    used 13485K, committed 13824K, reserved 1048576K
}
Event: 22.048 GC heap before
{Heap before GC invocations=41 (full 0):
 garbage-first heap   total 160768K, used 130773K [0x0000000080000000, 0x0000000100000000)
  region size 1024K, 45 young (46080K), 3 survivors (3072K)
 Metaspace       used 98624K, committed 99392K, reserved 1179648K
  class space    used 13519K, committed 13888K, reserved 1048576K
}
Event: 22.055 GC heap after
{Heap after GC invocations=42 (full 0):
 garbage-first heap   total 160768K, used 90963K [0x0000000080000000, 0x0000000100000000)
  region size 1024K, 6 young (6144K), 6 survivors (6144K)
 Metaspace       used 98624K, committed 99392K, reserved 1179648K
  class space    used 13519K, committed 13888K, reserved 1048576K
}
Event: 22.060 GC heap before
{Heap before GC invocations=42 (full 0):
 garbage-first heap   total 160768K, used 91987K [0x0000000080000000, 0x0000000100000000)
  region size 1024K, 7 young (7168K), 6 survivors (6144K)
 Metaspace       used 98625K, committed 99392K, reserved 1179648K
  class space    used 13519K, committed 13888K, reserved 1048576K
}
Event: 22.065 GC heap after
{Heap after GC invocations=43 (full 0):
 garbage-first heap   total 160768K, used 89411K [0x0000000080000000, 0x0000000100000000)
  region size 1024K, 1 young (1024K), 1 survivors (1024K)
 Metaspace       used 98625K, committed 99392K, reserved 1179648K
  class space    used 13519K, committed 13888K, reserved 1048576K
}
Event: 22.327 GC heap before
{Heap before GC invocations=43 (full 0):
 garbage-first heap   total 160768K, used 130371K [0x0000000080000000, 0x0000000100000000)
  region size 1024K, 42 young (43008K), 1 survivors (1024K)
 Metaspace       used 98762K, committed 99456K, reserved 1179648K
  class space    used 13533K, committed 13888K, reserved 1048576K
}
Event: 22.331 GC heap after
{Heap after GC invocations=44 (full 0):
 garbage-first heap   total 160768K, used 92054K [0x0000000080000000, 0x0000000100000000)
  region size 1024K, 4 young (4096K), 4 survivors (4096K)
 Metaspace       used 98762K, committed 99456K, reserved 1179648K
  class space    used 13533K, committed 13888K, reserved 1048576K
}
Event: 22.744 GC heap before
{Heap before GC invocations=44 (full 0):
 garbage-first heap   total 160768K, used 130966K [0x0000000080000000, 0x0000000100000000)
  region size 1024K, 43 young (44032K), 4 survivors (4096K)
 Metaspace       used 99104K, committed 99904K, reserved 1179648K
  class space    used 13569K, committed 13952K, reserved 1048576K
}
Event: 22.749 GC heap after
{Heap after GC invocations=45 (full 0):
 garbage-first heap   total 160768K, used 94099K [0x0000000080000000, 0x0000000100000000)
  region size 1024K, 4 young (4096K), 4 survivors (4096K)
 Metaspace       used 99104K, committed 99904K, reserved 1179648K
  class space    used 13569K, committed 13952K, reserved 1048576K
}
Event: 22.929 GC heap before
{Heap before GC invocations=45 (full 0):
 garbage-first heap   total 160768K, used 131987K [0x0000000080000000, 0x0000000100000000)
  region size 1024K, 42 young (43008K), 4 survivors (4096K)
 Metaspace       used 99143K, committed 99904K, reserved 1179648K
  class space    used 13572K, committed 13952K, reserved 1048576K
}

