# JRE version: OpenJDK Runtime Environment (17.0.11) (build 17.0.11+0--11852314)
# Java VM: OpenJDK 64-Bit Server VM (17.0.11+0--11852314, mixed mode, tiered, compressed oops, compressed class ptrs, g1 gc, windows-amd64)
GC Precious Log:
 CPUs: 12 total, 12 available
 Memory: 7913M
 Large Page Support: Disabled
 NUMA Support: Disabled
 Compressed Oops: Enabled (32-bit)
 Heap Region Size: 1M
 Heap Min Capacity: 8M
 Heap Initial Capacity: 124M
 Heap Max Capacity: 2G
 Pre-touch: Disabled
 Parallel Workers: 10
 Concurrent Workers: 3
 Concurrent Refinement Workers: 10
 Periodic GC: Disabled
Heap:
 garbage-first heap   total 123904K, used 68744K [0x0000000080000000, 0x0000000100000000)
  region size 1024K, 3 young (3072K), 3 survivors (3072K)
 Metaspace       used 79071K, committed 79680K, reserved 1179648K
  class space    used 10666K, committed 10944K, reserved 1048576K
GC Heap History (20 events):
Event: 11.700 GC heap before
{Heap before GC invocations=20 (full 0):
 garbage-first heap   total 82944K, used 55823K [0x0000000080000000, 0x0000000100000000)
  region size 1024K, 6 young (6144K), 1 survivors (1024K)
 Metaspace       used 58304K, committed 58880K, reserved 1114112K
  class space    used 7988K, committed 8256K, reserved 1048576K
}
Event: 11.702 GC heap after
{Heap after GC invocations=21 (full 0):
 garbage-first heap   total 123904K, used 53106K [0x0000000080000000, 0x0000000100000000)
  region size 1024K, 1 young (1024K), 1 survivors (1024K)
 Metaspace       used 58304K, committed 58880K, reserved 1114112K
  class space    used 7988K, committed 8256K, reserved 1048576K
}
Event: 12.191 GC heap before
{Heap before GC invocations=21 (full 0):
 garbage-first heap   total 123904K, used 89970K [0x0000000080000000, 0x0000000100000000)
  region size 1024K, 36 young (36864K), 1 survivors (1024K)
 Metaspace       used 61504K, committed 62080K, reserved 1114112K
  class space    used 8370K, committed 8640K, reserved 1048576K
}
Event: 12.193 GC heap after
{Heap after GC invocations=22 (full 0):
 garbage-first heap   total 123904K, used 55123K [0x0000000080000000, 0x0000000100000000)
  region size 1024K, 2 young (2048K), 2 survivors (2048K)
 Metaspace       used 61504K, committed 62080K, reserved 1114112K
  class space    used 8370K, committed 8640K, reserved 1048576K
}
Event: 12.662 GC heap before
{Heap before GC invocations=22 (full 0):
 garbage-first heap   total 123904K, used 91987K [0x0000000080000000, 0x0000000100000000)
  region size 1024K, 38 young (38912K), 2 survivors (2048K)
 Metaspace       used 65463K, committed 66048K, reserved 1114112K
  class space    used 8785K, committed 9024K, reserved 1048576K
}
Event: 12.665 GC heap after
{Heap after GC invocations=23 (full 0):
 garbage-first heap   total 123904K, used 56270K [0x0000000080000000, 0x0000000100000000)
  region size 1024K, 3 young (3072K), 3 survivors (3072K)
 Metaspace       used 65463K, committed 66048K, reserved 1114112K
  class space    used 8785K, committed 9024K, reserved 1048576K
}
Event: 13.130 GC heap before
{Heap before GC invocations=23 (full 0):
 garbage-first heap   total 123904K, used 85966K [0x0000000080000000, 0x0000000100000000)
  region size 1024K, 32 young (32768K), 3 survivors (3072K)
 Metaspace       used 68791K, committed 69440K, reserved 1114112K
  class space    used 9257K, committed 9536K, reserved 1048576K
}
Event: 13.136 GC heap after
{Heap after GC invocations=24 (full 0):
 garbage-first heap   total 123904K, used 61210K [0x0000000080000000, 0x0000000100000000)
  region size 1024K, 6 young (6144K), 6 survivors (6144K)
 Metaspace       used 68791K, committed 69440K, reserved 1114112K
  class space    used 9257K, committed 9536K, reserved 1048576K
}
Event: 13.137 GC heap before
{Heap before GC invocations=24 (full 0):
 garbage-first heap   total 123904K, used 62234K [0x0000000080000000, 0x0000000100000000)
  region size 1024K, 7 young (7168K), 6 survivors (6144K)
 Metaspace       used 68791K, committed 69440K, reserved 1114112K
  class space    used 9257K, committed 9536K, reserved 1048576K
}
Event: 13.141 GC heap after
{Heap after GC invocations=25 (full 0):
 garbage-first heap   total 123904K, used 61736K [0x0000000080000000, 0x0000000100000000)
  region size 1024K, 0 young (0K), 0 survivors (0K)
 Metaspace       used 68791K, committed 69440K, reserved 1114112K
  class space    used 9257K, committed 9536K, reserved 1048576K
}
Event: 13.543 GC heap before
{Heap before GC invocations=26 (full 0):
 garbage-first heap   total 123904K, used 101672K [0x0000000080000000, 0x0000000100000000)
  region size 1024K, 36 young (36864K), 0 survivors (0K)
 Metaspace       used 70907K, committed 71488K, reserved 1114112K
  class space    used 9564K, committed 9856K, reserved 1048576K
}
Event: 13.546 GC heap after
{Heap after GC invocations=27 (full 0):
 garbage-first heap   total 123904K, used 65121K [0x0000000080000000, 0x0000000100000000)
  region size 1024K, 3 young (3072K), 3 survivors (3072K)
 Metaspace       used 70907K, committed 71488K, reserved 1114112K
  class space    used 9564K, committed 9856K, reserved 1048576K
}
Event: 13.575 GC heap before
{Heap before GC invocations=27 (full 0):
 garbage-first heap   total 123904K, used 68193K [0x0000000080000000, 0x0000000100000000)
  region size 1024K, 6 young (6144K), 3 survivors (3072K)
 Metaspace       used 71136K, committed 71680K, reserved 1114112K
  class space    used 9593K, committed 9856K, reserved 1048576K
}
Event: 13.578 GC heap after
{Heap after GC invocations=28 (full 0):
 garbage-first heap   total 123904K, used 65094K [0x0000000080000000, 0x0000000100000000)
  region size 1024K, 1 young (1024K), 1 survivors (1024K)
 Metaspace       used 71136K, committed 71680K, reserved 1114112K
  class space    used 9593K, committed 9856K, reserved 1048576K
}
Event: 14.043 GC heap before
{Heap before GC invocations=28 (full 0):
 garbage-first heap   total 123904K, used 98886K [0x0000000080000000, 0x0000000100000000)
  region size 1024K, 34 young (34816K), 1 survivors (1024K)
 Metaspace       used 74050K, committed 74688K, reserved 1114112K
  class space    used 10004K, committed 10304K, reserved 1048576K
}
Event: 14.046 GC heap after
{Heap after GC invocations=29 (full 0):
 garbage-first heap   total 123904K, used 66254K [0x0000000080000000, 0x0000000100000000)
  region size 1024K, 2 young (2048K), 2 survivors (2048K)
 Metaspace       used 74050K, committed 74688K, reserved 1114112K
  class space    used 10004K, committed 10304K, reserved 1048576K
}
Event: 14.557 GC heap before
{Heap before GC invocations=30 (full 0):
 garbage-first heap   total 123904K, used 97998K [0x0000000080000000, 0x0000000100000000)
  region size 1024K, 35 young (35840K), 2 survivors (2048K)
 Metaspace       used 76886K, committed 77504K, reserved 1179648K
  class space    used 10377K, committed 10688K, reserved 1048576K
}
Event: 14.562 GC heap after
{Heap after GC invocations=31 (full 0):
 garbage-first heap   total 123904K, used 67736K [0x0000000080000000, 0x0000000100000000)
  region size 1024K, 5 young (5120K), 5 survivors (5120K)
 Metaspace       used 76886K, committed 77504K, reserved 1179648K
  class space    used 10377K, committed 10688K, reserved 1048576K
}
Event: 14.571 GC heap before
{Heap before GC invocations=31 (full 0):
 garbage-first heap   total 123904K, used 68760K [0x0000000080000000, 0x0000000100000000)
  region size 1024K, 6 young (6144K), 5 survivors (5120K)
 Metaspace       used 76886K, committed 77504K, reserved 1179648K
  class space    used 10377K, committed 10688K, reserved 1048576K
}
Event: 14.575 GC heap after
{Heap after GC invocations=32 (full 0):
 garbage-first heap   total 123904K, used 67637K [0x0000000080000000, 0x0000000100000000)
  region size 1024K, 1 young (1024K), 1 survivors (1024K)
 Metaspace       used 76886K, committed 77504K, reserved 1179648K
  class space    used 10377K, committed 10688K, reserved 1048576K
}

