# JRE version: OpenJDK Runtime Environment (17.0.11) (build 17.0.11+0--11852314)
# Java VM: OpenJDK 64-Bit Server VM (17.0.11+0--11852314, mixed mode, tiered, compressed oops, compressed class ptrs, g1 gc, windows-amd64)
GC Precious Log:
 CPUs: 12 total, 12 available
 Memory: 7913M
 Large Page Support: Disabled
 NUMA Support: Disabled
 Compressed Oops: Enabled (32-bit)
 Heap Region Size: 1M
 Heap Min Capacity: 8M
 Heap Initial Capacity: 124M
 Heap Max Capacity: 2G
 Pre-touch: Disabled
 Parallel Workers: 10
 Concurrent Workers: 3
 Concurrent Refinement Workers: 10
 Periodic GC: Disabled
Heap:
 garbage-first heap   total 436224K, used 329350K [0x0000000080000000, 0x0000000100000000)
  region size 1024K, 145 young (148480K), 3 survivors (3072K)
 Metaspace       used 209287K, committed 210560K, reserved 1245184K
  class space    used 27831K, committed 28416K, reserved 1048576K
GC Heap History (20 events):
Event: 215.735 GC heap before
{Heap before GC invocations=33 (full 0):
 garbage-first heap   total 436224K, used 354712K [0x0000000080000000, 0x0000000100000000)
  region size 1024K, 231 young (236544K), 13 survivors (13312K)
 Metaspace       used 135797K, committed 136896K, reserved 1179648K
  class space    used 18990K, committed 19520K, reserved 1048576K
}
Event: 215.806 GC heap after
{Heap after GC invocations=34 (full 0):
 garbage-first heap   total 436224K, used 135346K [0x0000000080000000, 0x0000000100000000)
  region size 1024K, 29 young (29696K), 29 survivors (29696K)
 Metaspace       used 135797K, committed 136896K, reserved 1179648K
  class space    used 18990K, committed 19520K, reserved 1048576K
}
Event: 348.028 GC heap before
{Heap before GC invocations=34 (full 0):
 garbage-first heap   total 436224K, used 381106K [0x0000000080000000, 0x0000000100000000)
  region size 1024K, 223 young (228352K), 29 survivors (29696K)
 Metaspace       used 136351K, committed 137408K, reserved 1179648K
  class space    used 19019K, committed 19520K, reserved 1048576K
}
Event: 348.112 GC heap after
{Heap after GC invocations=35 (full 0):
 garbage-first heap   total 436224K, used 137019K [0x0000000080000000, 0x0000000100000000)
  region size 1024K, 14 young (14336K), 14 survivors (14336K)
 Metaspace       used 136351K, committed 137408K, reserved 1179648K
  class space    used 19019K, committed 19520K, reserved 1048576K
}
Event: 351.159 GC heap before
{Heap before GC invocations=35 (full 0):
 garbage-first heap   total 436224K, used 341819K [0x0000000080000000, 0x0000000100000000)
  region size 1024K, 211 young (216064K), 14 survivors (14336K)
 Metaspace       used 146329K, committed 147520K, reserved 1179648K
  class space    used 20301K, committed 20864K, reserved 1048576K
}
Event: 351.183 GC heap after
{Heap after GC invocations=36 (full 0):
 garbage-first heap   total 436224K, used 153202K [0x0000000080000000, 0x0000000100000000)
  region size 1024K, 27 young (27648K), 27 survivors (27648K)
 Metaspace       used 146329K, committed 147520K, reserved 1179648K
  class space    used 20301K, committed 20864K, reserved 1048576K
}
Event: 560.833 GC heap before
{Heap before GC invocations=36 (full 0):
 garbage-first heap   total 436224K, used 354930K [0x0000000080000000, 0x0000000100000000)
  region size 1024K, 210 young (215040K), 27 survivors (27648K)
 Metaspace       used 147218K, committed 148416K, reserved 1179648K
  class space    used 20329K, committed 20928K, reserved 1048576K
}
Event: 560.973 GC heap after
{Heap after GC invocations=37 (full 0):
 garbage-first heap   total 436224K, used 139492K [0x0000000080000000, 0x0000000100000000)
  region size 1024K, 7 young (7168K), 7 survivors (7168K)
 Metaspace       used 147218K, committed 148416K, reserved 1179648K
  class space    used 20329K, committed 20928K, reserved 1048576K
}
Event: 979.137 GC heap before
{Heap before GC invocations=37 (full 0):
 garbage-first heap   total 436224K, used 365796K [0x0000000080000000, 0x0000000100000000)
  region size 1024K, 200 young (204800K), 7 survivors (7168K)
 Metaspace       used 164332K, committed 165568K, reserved 1245184K
  class space    used 22960K, committed 23552K, reserved 1048576K
}
Event: 979.189 GC heap after
{Heap after GC invocations=38 (full 0):
 garbage-first heap   total 436224K, used 173246K [0x0000000080000000, 0x0000000100000000)
  region size 1024K, 15 young (15360K), 15 survivors (15360K)
 Metaspace       used 164332K, committed 165568K, reserved 1245184K
  class space    used 22960K, committed 23552K, reserved 1048576K
}
Event: 981.226 GC heap before
{Heap before GC invocations=39 (full 0):
 garbage-first heap   total 436224K, used 355518K [0x0000000080000000, 0x0000000100000000)
  region size 1024K, 186 young (190464K), 15 survivors (15360K)
 Metaspace       used 181116K, committed 182400K, reserved 1245184K
  class space    used 24864K, committed 25472K, reserved 1048576K
}
Event: 981.270 GC heap after
{Heap after GC invocations=40 (full 0):
 garbage-first heap   total 436224K, used 190785K [0x0000000080000000, 0x0000000100000000)
  region size 1024K, 18 young (18432K), 18 survivors (18432K)
 Metaspace       used 181116K, committed 182400K, reserved 1245184K
  class space    used 24864K, committed 25472K, reserved 1048576K
}
Event: 981.304 GC heap before
{Heap before GC invocations=40 (full 0):
 garbage-first heap   total 436224K, used 192833K [0x0000000080000000, 0x0000000100000000)
  region size 1024K, 21 young (21504K), 18 survivors (18432K)
 Metaspace       used 181620K, committed 182848K, reserved 1245184K
  class space    used 24918K, committed 25472K, reserved 1048576K
}
Event: 981.337 GC heap after
{Heap after GC invocations=41 (full 0):
 garbage-first heap   total 436224K, used 173234K [0x0000000080000000, 0x0000000100000000)
  region size 1024K, 3 young (3072K), 3 survivors (3072K)
 Metaspace       used 181620K, committed 182848K, reserved 1245184K
  class space    used 24918K, committed 25472K, reserved 1048576K
}
Event: 982.615 GC heap before
{Heap before GC invocations=41 (full 0):
 garbage-first heap   total 436224K, used 345266K [0x0000000080000000, 0x0000000100000000)
  region size 1024K, 170 young (174080K), 3 survivors (3072K)
 Metaspace       used 196001K, committed 197248K, reserved 1245184K
  class space    used 26539K, committed 27136K, reserved 1048576K
}
Event: 982.624 GC heap after
{Heap after GC invocations=42 (full 0):
 garbage-first heap   total 436224K, used 181587K [0x0000000080000000, 0x0000000100000000)
  region size 1024K, 11 young (11264K), 11 survivors (11264K)
 Metaspace       used 196001K, committed 197248K, reserved 1245184K
  class space    used 26539K, committed 27136K, reserved 1048576K
}
Event: 983.835 GC heap before
{Heap before GC invocations=43 (full 0):
 garbage-first heap   total 436224K, used 348499K [0x0000000080000000, 0x0000000100000000)
  region size 1024K, 173 young (177152K), 11 survivors (11264K)
 Metaspace       used 207971K, committed 209280K, reserved 1245184K
  class space    used 27725K, committed 28352K, reserved 1048576K
}
Event: 983.845 GC heap after
{Heap after GC invocations=44 (full 0):
 garbage-first heap   total 436224K, used 185850K [0x0000000080000000, 0x0000000100000000)
  region size 1024K, 15 young (15360K), 15 survivors (15360K)
 Metaspace       used 207971K, committed 209280K, reserved 1245184K
  class space    used 27725K, committed 28352K, reserved 1048576K
}
Event: 983.881 GC heap before
{Heap before GC invocations=44 (full 0):
 garbage-first heap   total 436224K, used 191994K [0x0000000080000000, 0x0000000100000000)
  region size 1024K, 21 young (21504K), 15 survivors (15360K)
 Metaspace       used 208000K, committed 209344K, reserved 1245184K
  class space    used 27726K, committed 28352K, reserved 1048576K
}
Event: 983.916 GC heap after
{Heap after GC invocations=45 (full 0):
 garbage-first heap   total 436224K, used 183942K [0x0000000080000000, 0x0000000100000000)
  region size 1024K, 3 young (3072K), 3 survivors (3072K)
 Metaspace       used 208000K, committed 209344K, reserved 1245184K
  class space    used 27726K, committed 28352K, reserved 1048576K
}

