# JRE version: OpenJDK Runtime Environment (17.0.11) (build 17.0.11+0--11852314)
# Java VM: OpenJDK 64-Bit Server VM (17.0.11+0--11852314, mixed mode, tiered, compressed oops, compressed class ptrs, g1 gc, windows-amd64)
GC Precious Log:
 CPUs: 12 total, 12 available
 Memory: 7913M
 Large Page Support: Disabled
 NUMA Support: Disabled
 Compressed Oops: Enabled (32-bit)
 Heap Region Size: 1M
 Heap Min Capacity: 8M
 Heap Initial Capacity: 124M
 Heap Max Capacity: 2G
 Pre-touch: Disabled
 Parallel Workers: 10
 Concurrent Workers: 3
 Concurrent Refinement Workers: 10
 Periodic GC: Disabled
Heap:
 garbage-first heap   total 487424K, used 300122K [0x0000000080000000, 0x0000000100000000)
  region size 1024K, 99 young (101376K), 12 survivors (12288K)
 Metaspace       used 165365K, committed 166272K, reserved 1245184K
  class space    used 21499K, committed 21952K, reserved 1048576K
GC Heap History (20 events):
Event: 10.994 GC heap before
{Heap before GC invocations=38 (full 0):
 garbage-first heap   total 265216K, used 214251K [0x0000000080000000, 0x0000000100000000)
  region size 1024K, 73 young (74752K), 3 survivors (3072K)
 Metaspace       used 113679K, committed 114496K, reserved 1179648K
  class space    used 15288K, committed 15680K, reserved 1048576K
}
Event: 10.999 GC heap after
{Heap after GC invocations=39 (full 0):
 garbage-first heap   total 265216K, used 143936K [0x0000000080000000, 0x0000000100000000)
  region size 1024K, 5 young (5120K), 5 survivors (5120K)
 Metaspace       used 113679K, committed 114496K, reserved 1179648K
  class space    used 15288K, committed 15680K, reserved 1048576K
}
Event: 11.015 GC heap before
{Heap before GC invocations=39 (full 0):
 garbage-first heap   total 265216K, used 150080K [0x0000000080000000, 0x0000000100000000)
  region size 1024K, 12 young (12288K), 5 survivors (5120K)
 Metaspace       used 113726K, committed 114560K, reserved 1179648K
  class space    used 15288K, committed 15680K, reserved 1048576K
}
Event: 11.021 GC heap after
{Heap after GC invocations=40 (full 0):
 garbage-first heap   total 265216K, used 144517K [0x0000000080000000, 0x0000000100000000)
  region size 1024K, 2 young (2048K), 2 survivors (2048K)
 Metaspace       used 113726K, committed 114560K, reserved 1179648K
  class space    used 15288K, committed 15680K, reserved 1048576K
}
Event: 11.426 GC heap before
{Heap before GC invocations=40 (full 0):
 garbage-first heap   total 265216K, used 215173K [0x0000000080000000, 0x0000000100000000)
  region size 1024K, 71 young (72704K), 2 survivors (2048K)
 Metaspace       used 116298K, committed 117120K, reserved 1179648K
  class space    used 15566K, committed 15936K, reserved 1048576K
}
Event: 11.434 GC heap after
{Heap after GC invocations=41 (full 0):
 garbage-first heap   total 487424K, used 148390K [0x0000000080000000, 0x0000000100000000)
  region size 1024K, 6 young (6144K), 6 survivors (6144K)
 Metaspace       used 116298K, committed 117120K, reserved 1179648K
  class space    used 15566K, committed 15936K, reserved 1048576K
}
Event: 14.148 GC heap before
{Heap before GC invocations=42 (full 0):
 garbage-first heap   total 487424K, used 377766K [0x0000000080000000, 0x0000000100000000)
  region size 1024K, 230 young (235520K), 6 survivors (6144K)
 Metaspace       used 142330K, committed 143168K, reserved 1179648K
  class space    used 18343K, committed 18752K, reserved 1048576K
}
Event: 14.162 GC heap after
{Heap after GC invocations=43 (full 0):
 garbage-first heap   total 487424K, used 158215K [0x0000000080000000, 0x0000000100000000)
  region size 1024K, 16 young (16384K), 16 survivors (16384K)
 Metaspace       used 142330K, committed 143168K, reserved 1179648K
  class space    used 18343K, committed 18752K, reserved 1048576K
}
Event: 14.260 GC heap before
{Heap before GC invocations=43 (full 0):
 garbage-first heap   total 487424K, used 165383K [0x0000000080000000, 0x0000000100000000)
  region size 1024K, 23 young (23552K), 16 survivors (16384K)
 Metaspace       used 142821K, committed 143680K, reserved 1179648K
  class space    used 18407K, committed 18816K, reserved 1048576K
}
Event: 14.275 GC heap after
{Heap after GC invocations=44 (full 0):
 garbage-first heap   total 487424K, used 159570K [0x0000000080000000, 0x0000000100000000)
  region size 1024K, 3 young (3072K), 3 survivors (3072K)
 Metaspace       used 142821K, committed 143680K, reserved 1179648K
  class space    used 18407K, committed 18816K, reserved 1048576K
}
Event: 16.449 GC heap before
{Heap before GC invocations=44 (full 0):
 garbage-first heap   total 487424K, used 401234K [0x0000000080000000, 0x0000000100000000)
  region size 1024K, 220 young (225280K), 3 survivors (3072K)
 Metaspace       used 156466K, committed 157376K, reserved 1245184K
  class space    used 20367K, committed 20800K, reserved 1048576K
}
Event: 16.463 GC heap after
{Heap after GC invocations=45 (full 0):
 garbage-first heap   total 487424K, used 181516K [0x0000000080000000, 0x0000000100000000)
  region size 1024K, 17 young (17408K), 17 survivors (17408K)
 Metaspace       used 156466K, committed 157376K, reserved 1245184K
  class space    used 20367K, committed 20800K, reserved 1048576K
}
Event: 17.876 GC heap before
{Heap before GC invocations=45 (full 0):
 garbage-first heap   total 487424K, used 386316K [0x0000000080000000, 0x0000000100000000)
  region size 1024K, 217 young (222208K), 17 survivors (17408K)
 Metaspace       used 156469K, committed 157376K, reserved 1245184K
  class space    used 20367K, committed 20800K, reserved 1048576K
}
Event: 17.898 GC heap after
{Heap after GC invocations=46 (full 0):
 garbage-first heap   total 487424K, used 188132K [0x0000000080000000, 0x0000000100000000)
  region size 1024K, 9 young (9216K), 9 survivors (9216K)
 Metaspace       used 156469K, committed 157376K, reserved 1245184K
  class space    used 20367K, committed 20800K, reserved 1048576K
}
Event: 19.170 GC heap before
{Heap before GC invocations=46 (full 0):
 garbage-first heap   total 487424K, used 394980K [0x0000000080000000, 0x0000000100000000)
  region size 1024K, 211 young (216064K), 9 survivors (9216K)
 Metaspace       used 156471K, committed 157376K, reserved 1245184K
  class space    used 20367K, committed 20800K, reserved 1048576K
}
Event: 19.180 GC heap after
{Heap after GC invocations=47 (full 0):
 garbage-first heap   total 487424K, used 194131K [0x0000000080000000, 0x0000000100000000)
  region size 1024K, 15 young (15360K), 15 survivors (15360K)
 Metaspace       used 156471K, committed 157376K, reserved 1245184K
  class space    used 20367K, committed 20800K, reserved 1048576K
}
Event: 20.053 GC heap before
{Heap before GC invocations=47 (full 0):
 garbage-first heap   total 487424K, used 397907K [0x0000000080000000, 0x0000000100000000)
  region size 1024K, 214 young (219136K), 15 survivors (15360K)
 Metaspace       used 156471K, committed 157376K, reserved 1245184K
  class space    used 20367K, committed 20800K, reserved 1048576K
}
Event: 20.070 GC heap after
{Heap after GC invocations=48 (full 0):
 garbage-first heap   total 487424K, used 200032K [0x0000000080000000, 0x0000000100000000)
  region size 1024K, 15 young (15360K), 15 survivors (15360K)
 Metaspace       used 156471K, committed 157376K, reserved 1245184K
  class space    used 20367K, committed 20800K, reserved 1048576K
}
Event: 20.468 GC heap before
{Heap before GC invocations=48 (full 0):
 garbage-first heap   total 487424K, used 273760K [0x0000000080000000, 0x0000000100000000)
  region size 1024K, 82 young (83968K), 15 survivors (15360K)
 Metaspace       used 156793K, committed 157696K, reserved 1245184K
  class space    used 20412K, committed 20864K, reserved 1048576K
}
Event: 20.481 GC heap after
{Heap after GC invocations=49 (full 0):
 garbage-first heap   total 487424K, used 208986K [0x0000000080000000, 0x0000000100000000)
  region size 1024K, 12 young (12288K), 12 survivors (12288K)
 Metaspace       used 156793K, committed 157696K, reserved 1245184K
  class space    used 20412K, committed 20864K, reserved 1048576K
}

