# JRE version: OpenJDK Runtime Environment (17.0.11) (build 17.0.11+0--11852314)
# Java VM: OpenJDK 64-Bit Server VM (17.0.11+0--11852314, mixed mode, tiered, compressed oops, compressed class ptrs, g1 gc, windows-amd64)
GC Precious Log:
 CPUs: 12 total, 12 available
 Memory: 7913M
 Large Page Support: Disabled
 NUMA Support: Disabled
 Compressed Oops: Enabled (32-bit)
 Heap Region Size: 1M
 Heap Min Capacity: 8M
 Heap Initial Capacity: 124M
 Heap Max Capacity: 2G
 Pre-touch: Disabled
 Parallel Workers: 10
 Concurrent Workers: 3
 Concurrent Refinement Workers: 10
 Periodic GC: Disabled
Heap:
 garbage-first heap   total 233472K, used 67434K [0x0000000080000000, 0x0000000100000000)
  region size 1024K, 3 young (3072K), 1 survivors (1024K)
 Metaspace       used 76989K, committed 77568K, reserved 1179648K
  class space    used 10404K, committed 10688K, reserved 1048576K
GC Heap History (20 events):
Event: 5.577 GC heap before
{Heap before GC invocations=15 (full 0):
 garbage-first heap   total 103424K, used 83390K [0x0000000080000000, 0x0000000100000000)
  region size 1024K, 39 young (39936K), 4 survivors (4096K)
 Metaspace       used 59034K, committed 59648K, reserved 1114112K
  class space    used 8094K, committed 8384K, reserved 1048576K
}
Event: 5.581 GC heap after
{Heap after GC invocations=16 (full 0):
 garbage-first heap   total 103424K, used 53776K [0x0000000080000000, 0x0000000100000000)
  region size 1024K, 5 young (5120K), 5 survivors (5120K)
 Metaspace       used 59034K, committed 59648K, reserved 1114112K
  class space    used 8094K, committed 8384K, reserved 1048576K
}
Event: 5.635 GC heap before
{Heap before GC invocations=16 (full 0):
 garbage-first heap   total 103424K, used 59920K [0x0000000080000000, 0x0000000100000000)
  region size 1024K, 12 young (12288K), 5 survivors (5120K)
 Metaspace       used 59570K, committed 60160K, reserved 1114112K
  class space    used 8161K, committed 8448K, reserved 1048576K
}
Event: 5.638 GC heap after
{Heap after GC invocations=17 (full 0):
 garbage-first heap   total 103424K, used 54196K [0x0000000080000000, 0x0000000100000000)
  region size 1024K, 1 young (1024K), 1 survivors (1024K)
 Metaspace       used 59570K, committed 60160K, reserved 1114112K
  class space    used 8161K, committed 8448K, reserved 1048576K
}
Event: 5.877 GC heap before
{Heap before GC invocations=18 (full 0):
 garbage-first heap   total 103424K, used 80820K [0x0000000080000000, 0x0000000100000000)
  region size 1024K, 28 young (28672K), 1 survivors (1024K)
 Metaspace       used 62096K, committed 62720K, reserved 1114112K
  class space    used 8454K, committed 8768K, reserved 1048576K
}
Event: 5.878 GC heap after
{Heap after GC invocations=19 (full 0):
 garbage-first heap   total 103424K, used 54755K [0x0000000080000000, 0x0000000100000000)
  region size 1024K, 1 young (1024K), 1 survivors (1024K)
 Metaspace       used 62096K, committed 62720K, reserved 1114112K
  class space    used 8454K, committed 8768K, reserved 1048576K
}
Event: 5.912 GC heap before
{Heap before GC invocations=19 (full 0):
 garbage-first heap   total 103424K, used 57827K [0x0000000080000000, 0x0000000100000000)
  region size 1024K, 5 young (5120K), 1 survivors (1024K)
 Metaspace       used 62741K, committed 63296K, reserved 1114112K
  class space    used 8527K, committed 8768K, reserved 1048576K
}
Event: 5.914 GC heap after
{Heap after GC invocations=20 (full 0):
 garbage-first heap   total 103424K, used 54111K [0x0000000080000000, 0x0000000100000000)
  region size 1024K, 1 young (1024K), 1 survivors (1024K)
 Metaspace       used 62741K, committed 63296K, reserved 1114112K
  class space    used 8527K, committed 8768K, reserved 1048576K
}
Event: 6.148 GC heap before
{Heap before GC invocations=20 (full 0):
 garbage-first heap   total 103424K, used 82783K [0x0000000080000000, 0x0000000100000000)
  region size 1024K, 29 young (29696K), 1 survivors (1024K)
 Metaspace       used 65608K, committed 66176K, reserved 1114112K
  class space    used 8828K, committed 9088K, reserved 1048576K
}
Event: 6.150 GC heap after
{Heap after GC invocations=21 (full 0):
 garbage-first heap   total 133120K, used 54867K [0x0000000080000000, 0x0000000100000000)
  region size 1024K, 1 young (1024K), 1 survivors (1024K)
 Metaspace       used 65608K, committed 66176K, reserved 1114112K
  class space    used 8828K, committed 9088K, reserved 1048576K
}
Event: 6.560 GC heap before
{Heap before GC invocations=22 (full 0):
 garbage-first heap   total 133120K, used 110163K [0x0000000080000000, 0x0000000100000000)
  region size 1024K, 50 young (51200K), 1 survivors (1024K)
 Metaspace       used 69946K, committed 70528K, reserved 1114112K
  class space    used 9444K, committed 9728K, reserved 1048576K
}
Event: 6.564 GC heap after
{Heap after GC invocations=23 (full 0):
 garbage-first heap   total 133120K, used 60748K [0x0000000080000000, 0x0000000100000000)
  region size 1024K, 6 young (6144K), 6 survivors (6144K)
 Metaspace       used 69946K, committed 70528K, reserved 1114112K
  class space    used 9444K, committed 9728K, reserved 1048576K
}
Event: 6.577 GC heap before
{Heap before GC invocations=23 (full 0):
 garbage-first heap   total 133120K, used 61772K [0x0000000080000000, 0x0000000100000000)
  region size 1024K, 7 young (7168K), 6 survivors (6144K)
 Metaspace       used 70018K, committed 70592K, reserved 1114112K
  class space    used 9454K, committed 9728K, reserved 1048576K
}
Event: 6.580 GC heap after
{Heap after GC invocations=24 (full 0):
 garbage-first heap   total 133120K, used 61346K [0x0000000080000000, 0x0000000100000000)
  region size 1024K, 1 young (1024K), 1 survivors (1024K)
 Metaspace       used 70018K, committed 70592K, reserved 1114112K
  class space    used 9454K, committed 9728K, reserved 1048576K
}
Event: 6.913 GC heap before
{Heap before GC invocations=24 (full 0):
 garbage-first heap   total 133120K, used 105378K [0x0000000080000000, 0x0000000100000000)
  region size 1024K, 44 young (45056K), 1 survivors (1024K)
 Metaspace       used 73436K, committed 73984K, reserved 1114112K
  class space    used 9931K, committed 10176K, reserved 1048576K
}
Event: 6.916 GC heap after
{Heap after GC invocations=25 (full 0):
 garbage-first heap   total 133120K, used 62818K [0x0000000080000000, 0x0000000100000000)
  region size 1024K, 3 young (3072K), 3 survivors (3072K)
 Metaspace       used 73436K, committed 73984K, reserved 1114112K
  class space    used 9931K, committed 10176K, reserved 1048576K
}
Event: 7.219 GC heap before
{Heap before GC invocations=26 (full 0):
 garbage-first heap   total 133120K, used 106850K [0x0000000080000000, 0x0000000100000000)
  region size 1024K, 46 young (47104K), 3 survivors (3072K)
 Metaspace       used 76824K, committed 77376K, reserved 1179648K
  class space    used 10382K, committed 10624K, reserved 1048576K
}
Event: 7.224 GC heap after
{Heap after GC invocations=27 (full 0):
 garbage-first heap   total 133120K, used 66324K [0x0000000080000000, 0x0000000100000000)
  region size 1024K, 6 young (6144K), 6 survivors (6144K)
 Metaspace       used 76824K, committed 77376K, reserved 1179648K
  class space    used 10382K, committed 10624K, reserved 1048576K
}
Event: 7.235 GC heap before
{Heap before GC invocations=27 (full 0):
 garbage-first heap   total 133120K, used 67348K [0x0000000080000000, 0x0000000100000000)
  region size 1024K, 7 young (7168K), 6 survivors (6144K)
 Metaspace       used 76846K, committed 77440K, reserved 1179648K
  class space    used 10384K, committed 10624K, reserved 1048576K
}
Event: 7.240 GC heap after
{Heap after GC invocations=28 (full 0):
 garbage-first heap   total 233472K, used 66410K [0x0000000080000000, 0x0000000100000000)
  region size 1024K, 1 young (1024K), 1 survivors (1024K)
 Metaspace       used 76846K, committed 77440K, reserved 1179648K
  class space    used 10384K, committed 10624K, reserved 1048576K
}

