# JRE version: OpenJDK Runtime Environment (17.0.11) (build 17.0.11+0--11852314)
# Java VM: OpenJDK 64-Bit Server VM (17.0.11+0--11852314, mixed mode, tiered, compressed oops, compressed class ptrs, g1 gc, windows-amd64)
GC Precious Log:
 CPUs: 12 total, 12 available
 Memory: 7913M
 Large Page Support: Disabled
 NUMA Support: Disabled
 Compressed Oops: Enabled (32-bit)
 Heap Region Size: 1M
 Heap Min Capacity: 8M
 Heap Initial Capacity: 124M
 Heap Max Capacity: 2G
 Pre-touch: Disabled
 Parallel Workers: 10
 Concurrent Workers: 3
 Concurrent Refinement Workers: 10
 Periodic GC: Disabled
Heap:
 garbage-first heap   total 535552K, used 191234K [0x0000000080000000, 0x0000000100000000)
  region size 1024K, 4 young (4096K), 4 survivors (4096K)
 Metaspace       used 185780K, committed 187136K, reserved 1245184K
  class space    used 23854K, committed 24512K, reserved 1048576K
GC Heap History (20 events):
Event: 381.007 GC heap after
{Heap after GC invocations=50 (full 0):
 garbage-first heap   total 535552K, used 141174K [0x0000000080000000, 0x0000000100000000)
  region size 1024K, 4 young (4096K), 4 survivors (4096K)
 Metaspace       used 116363K, committed 117376K, reserved 1179648K
  class space    used 15345K, committed 15872K, reserved 1048576K
}
Event: 381.153 GC heap before
{Heap before GC invocations=50 (full 0):
 garbage-first heap   total 535552K, used 156534K [0x0000000080000000, 0x0000000100000000)
  region size 1024K, 20 young (20480K), 4 survivors (4096K)
 Metaspace       used 116388K, committed 117440K, reserved 1179648K
  class space    used 15347K, committed 15872K, reserved 1048576K
}
Event: 381.160 GC heap after
{Heap after GC invocations=51 (full 0):
 garbage-first heap   total 535552K, used 142483K [0x0000000080000000, 0x0000000100000000)
  region size 1024K, 5 young (5120K), 5 survivors (5120K)
 Metaspace       used 116388K, committed 117440K, reserved 1179648K
  class space    used 15347K, committed 15872K, reserved 1048576K
}
Event: 501.931 GC heap before
{Heap before GC invocations=52 (full 0):
 garbage-first heap   total 516096K, used 372883K [0x0000000080000000, 0x0000000100000000)
  region size 1024K, 182 young (186368K), 5 survivors (5120K)
 Metaspace       used 120998K, committed 122112K, reserved 1179648K
  class space    used 15924K, committed 16512K, reserved 1048576K
}
Event: 501.958 GC heap after
{Heap after GC invocations=53 (full 0):
 garbage-first heap   total 516096K, used 168297K [0x0000000080000000, 0x0000000100000000)
  region size 1024K, 19 young (19456K), 19 survivors (19456K)
 Metaspace       used 120998K, committed 122112K, reserved 1179648K
  class space    used 15924K, committed 16512K, reserved 1048576K
}
Event: 502.388 GC heap before
{Heap before GC invocations=53 (full 0):
 garbage-first heap   total 516096K, used 173417K [0x0000000080000000, 0x0000000100000000)
  region size 1024K, 25 young (25600K), 19 survivors (19456K)
 Metaspace       used 121944K, committed 123008K, reserved 1179648K
  class space    used 16035K, committed 16576K, reserved 1048576K
}
Event: 502.414 GC heap after
{Heap after GC invocations=54 (full 0):
 garbage-first heap   total 516096K, used 150439K [0x0000000080000000, 0x0000000100000000)
  region size 1024K, 2 young (2048K), 2 survivors (2048K)
 Metaspace       used 121944K, committed 123008K, reserved 1179648K
  class space    used 16035K, committed 16576K, reserved 1048576K
}
Event: 504.558 GC heap before
{Heap before GC invocations=54 (full 0):
 garbage-first heap   total 516096K, used 227239K [0x0000000080000000, 0x0000000100000000)
  region size 1024K, 78 young (79872K), 2 survivors (2048K)
 Metaspace       used 134087K, committed 135232K, reserved 1179648K
  class space    used 18067K, committed 18624K, reserved 1048576K
}
Event: 504.565 GC heap after
{Heap after GC invocations=55 (full 0):
 garbage-first heap   total 516096K, used 151223K [0x0000000080000000, 0x0000000100000000)
  region size 1024K, 3 young (3072K), 3 survivors (3072K)
 Metaspace       used 134087K, committed 135232K, reserved 1179648K
  class space    used 18067K, committed 18624K, reserved 1048576K
}
Event: 508.775 GC heap before
{Heap before GC invocations=56 (full 0):
 garbage-first heap   total 516096K, used 390638K [0x0000000080000000, 0x0000000100000000)
  region size 1024K, 223 young (228352K), 3 survivors (3072K)
 Metaspace       used 153788K, committed 154944K, reserved 1245184K
  class space    used 20301K, committed 20864K, reserved 1048576K
}
Event: 508.801 GC heap after
{Heap after GC invocations=57 (full 0):
 garbage-first heap   total 516096K, used 176916K [0x0000000080000000, 0x0000000100000000)
  region size 1024K, 22 young (22528K), 22 survivors (22528K)
 Metaspace       used 153788K, committed 154944K, reserved 1245184K
  class space    used 20301K, committed 20864K, reserved 1048576K
}
Event: 508.865 GC heap before
{Heap before GC invocations=57 (full 0):
 garbage-first heap   total 516096K, used 178964K [0x0000000080000000, 0x0000000100000000)
  region size 1024K, 25 young (25600K), 22 survivors (22528K)
 Metaspace       used 154154K, committed 155328K, reserved 1245184K
  class space    used 20351K, committed 20928K, reserved 1048576K
}
Event: 508.912 GC heap after
{Heap after GC invocations=58 (full 0):
 garbage-first heap   total 516096K, used 170835K [0x0000000080000000, 0x0000000100000000)
  region size 1024K, 3 young (3072K), 3 survivors (3072K)
 Metaspace       used 154154K, committed 155328K, reserved 1245184K
  class space    used 20351K, committed 20928K, reserved 1048576K
}
Event: 512.086 GC heap before
{Heap before GC invocations=58 (full 0):
 garbage-first heap   total 516096K, used 370515K [0x0000000080000000, 0x0000000100000000)
  region size 1024K, 198 young (202752K), 3 survivors (3072K)
 Metaspace       used 175518K, committed 176704K, reserved 1245184K
  class space    used 22590K, committed 23168K, reserved 1048576K
}
Event: 512.098 GC heap after
{Heap after GC invocations=59 (full 0):
 garbage-first heap   total 516096K, used 179349K [0x0000000080000000, 0x0000000100000000)
  region size 1024K, 11 young (11264K), 11 survivors (11264K)
 Metaspace       used 175518K, committed 176704K, reserved 1245184K
  class space    used 22590K, committed 23168K, reserved 1048576K
}
Event: 514.616 GC heap before
{Heap before GC invocations=60 (full 0):
 garbage-first heap   total 516096K, used 383125K [0x0000000080000000, 0x0000000100000000)
  region size 1024K, 210 young (215040K), 11 survivors (11264K)
 Metaspace       used 185679K, committed 186880K, reserved 1245184K
  class space    used 23851K, committed 24448K, reserved 1048576K
}
Event: 514.645 GC heap after
{Heap after GC invocations=61 (full 0):
 garbage-first heap   total 516096K, used 194978K [0x0000000080000000, 0x0000000100000000)
  region size 1024K, 27 young (27648K), 27 survivors (27648K)
 Metaspace       used 185679K, committed 186880K, reserved 1245184K
  class space    used 23851K, committed 24448K, reserved 1048576K
}
Event: 514.658 GC heap before
{Heap before GC invocations=61 (full 0):
 garbage-first heap   total 516096K, used 196002K [0x0000000080000000, 0x0000000100000000)
  region size 1024K, 28 young (28672K), 27 survivors (27648K)
 Metaspace       used 185679K, committed 186880K, reserved 1245184K
  class space    used 23851K, committed 24448K, reserved 1048576K
}
Event: 514.787 GC heap after
{Heap after GC invocations=62 (full 0):
 garbage-first heap   total 516096K, used 189682K [0x0000000080000000, 0x0000000100000000)
  region size 1024K, 2 young (2048K), 2 survivors (2048K)
 Metaspace       used 185679K, committed 186880K, reserved 1245184K
  class space    used 23851K, committed 24448K, reserved 1048576K
}
Event: 514.908 GC heap before
{Heap before GC invocations=62 (full 0):
 garbage-first heap   total 516096K, used 201970K [0x0000000080000000, 0x0000000100000000)
  region size 1024K, 15 young (15360K), 2 survivors (2048K)
 Metaspace       used 185780K, committed 187136K, reserved 1245184K
  class space    used 23854K, committed 24512K, reserved 1048576K
}

